2026-05-29 14:01:27.564266 | Data will be saved to --> ./3state_SCOUT
2026-05-29 14:01:27.598656 | =========================================================

2026-05-29 14:01:27.740396 | Inferring gene list from input data columns.
2026-05-29 14:01:27.770943 | 90 genes were detected. 
2026-05-29 14:01:27.798326 | 256 leaves were found in the raw tree. 256 leaves intersect with species column.
2026-05-29 14:01:27.831052 | 2026-05-29 14:01:27.831063 Log normalizing gene expression counts.
2026-05-29 14:01:49.418001 | Start time = 14:01:49

2026-05-29 14:15:48.946679 | End time = 14:15:48

2026-05-29 14:15:51.518451 | Done with initial analysis of SCOUT_3pXqghPV.
2026-05-29 14:15:51.562066 | =========================================================

2026-05-29 14:15:51.595626 | Processsing Results... Saving files to ./3state_SCOUT
2026-05-29 14:17:25.318393 | Data will be saved to --> ./3state_SCOUT
2026-05-29 14:17:25.352661 | =========================================================

2026-05-29 14:17:25.475001 | Inferring gene list from input data columns.
2026-05-29 14:17:25.489622 | 90 genes were detected. 
2026-05-29 14:17:25.529588 | 256 leaves were found in the raw tree. 256 leaves intersect with species column.
2026-05-29 14:17:25.545253 | 2026-05-29 14:17:25.545261 Log normalizing gene expression counts.
2026-05-29 14:17:28.154938 | Start time = 14:17:28

2026-05-29 14:22:09.482474 | Data will be saved to --> ./3state_SCOUT
2026-05-29 14:22:09.513822 | =========================================================

2026-05-29 14:22:09.576175 | Inferring gene list from input data columns.
2026-05-29 14:22:09.593898 | 90 genes were detected. 
2026-05-29 14:22:09.606735 | 256 leaves were found in the raw tree. 256 leaves intersect with species column.
2026-05-29 14:22:09.62391 | 2026-05-29 14:22:09.623915 Log normalizing gene expression counts.
2026-05-29 14:22:12.063632 | Start time = 14:22:12

2026-05-29 14:32:05.789056 | End time = 14:32:05

2026-05-29 14:32:08.164335 | Done with initial analysis of SCOUT_O6M0r1B7.
2026-05-29 14:32:08.189862 | =========================================================

2026-05-29 14:32:08.208362 | Processsing Results... Saving files to ./3state_SCOUT
2026-05-29 14:34:10.323493 | Data will be saved to --> ./3state_SCOUT
2026-05-29 14:34:10.335751 | =========================================================

2026-05-29 14:34:10.409929 | Inferring gene list from input data columns.
2026-05-29 14:34:10.425059 | 90 genes were detected. 
2026-05-29 14:34:10.433709 | 256 leaves were found in the raw tree. 256 leaves intersect with species column.
2026-05-29 14:34:10.458504 | 2026-05-29 14:34:10.458512 Log normalizing gene expression counts.
2026-05-29 14:34:13.997575 | Start time = 14:34:13

2026-05-29 14:42:18.788655 | End time = 14:42:18

2026-05-29 14:42:21.281461 | Done with initial analysis of SCOUT_PPUPWTtS.
2026-05-29 14:42:21.327235 | =========================================================

2026-05-29 14:42:21.342926 | Processsing Results... Saving files to ./3state_SCOUT
2026-05-29 15:31:14.644984 | Data will be saved to --> ./3state_SCOUT
2026-05-29 15:31:14.661798 | =========================================================

2026-05-29 15:31:14.705484 | Inferring gene list from input data columns.
2026-05-29 15:31:14.712267 | 90 genes were detected. 
2026-05-29 15:31:14.722637 | 256 leaves were found in the raw tree. 256 leaves intersect with species column.
2026-05-29 15:31:14.742845 | 2026-05-29 15:31:14.742857 Log normalizing gene expression counts.
2026-05-29 15:31:52.39528 | Start time = 15:31:52

